<?xml version="1.0" encoding="UTF-8"?>
<testng-results skipped="0" failed="0" total="1" passed="1">
  <reporter-output>
  </reporter-output>
  <suite name="Default suite" duration-ms="5930" started-at="2016-12-20T09:46:11Z" finished-at="2016-12-20T09:46:16Z">
    <groups>
    </groups>
    <test name="Default test" duration-ms="5930" started-at="2016-12-20T09:46:11Z" finished-at="2016-12-20T09:46:16Z">
      <class name="testSearchFunctionality.SearchFuncionality">
        <test-method status="PASS" signature="setupSelenium()[pri:0, instance:testSearchFunctionality.SearchFuncionality@396a51ab]" name="setupSelenium" is-config="true" duration-ms="4849" started-at="2016-12-20T09:46:11Z" finished-at="2016-12-20T09:46:15Z">
        </test-method> <!-- setupSelenium -->
        <test-method status="PASS" signature="searchExactWordFuncionality()[pri:0, instance:testSearchFunctionality.SearchFuncionality@396a51ab]" name="searchExactWordFuncionality" duration-ms="933" started-at="2016-12-20T09:46:15Z" finished-at="2016-12-20T09:46:16Z">
        </test-method> <!-- searchExactWordFuncionality -->
        <test-method status="PASS" signature="closeSelenium()[pri:0, instance:testSearchFunctionality.SearchFuncionality@396a51ab]" name="closeSelenium" is-config="true" duration-ms="134" started-at="2016-12-20T09:46:16Z" finished-at="2016-12-20T09:46:16Z">
        </test-method> <!-- closeSelenium -->
      </class> <!-- testSearchFunctionality.SearchFuncionality -->
    </test> <!-- Default test -->
  </suite> <!-- Default suite -->
</testng-results>
